<?xml version="1.0" encoding="UTF-8"?>
<testsuite name="SI_Lab2Test" tests="2" skipped="0" failures="0" errors="0" timestamp="2021-05-31T16:37:25" hostname="DESKTOP-K878836" time="0.042">
  <properties/>
  <testcase name="test2()" classname="SI_Lab2Test" time="0.039"/>
  <testcase name="test6()" classname="SI_Lab2Test" time="0.002"/>
  <system-out><![CDATA[]]></system-out>
  <system-err><![CDATA[]]></system-err>
</testsuite>
